[debug] [2023-11-14T17:54:16.956Z] ----------------------------------------------------------------------
[debug] [2023-11-14T17:54:16.959Z] Command:       C:\Program Files\nodejs\node.exe C:\Users\hp\AppData\Roaming\npm\node_modules\firebase-tools\lib\bin\firebase.js init
[debug] [2023-11-14T17:54:16.960Z] CLI Version:   12.8.1
[debug] [2023-11-14T17:54:16.961Z] Platform:      win32
[debug] [2023-11-14T17:54:16.962Z] Node Version:  v18.12.1
[debug] [2023-11-14T17:54:16.963Z] Time:          Tue Nov 14 2023 23:24:16 GMT+0530 (India Standard Time)
[debug] [2023-11-14T17:54:16.963Z] ----------------------------------------------------------------------
[debug] 
[debug] [2023-11-14T17:54:16.978Z] > command requires scopes: ["email","openid","https://www.googleapis.com/auth/cloudplatformprojects.readonly","https://www.googleapis.com/auth/firebase","https://www.googleapis.com/auth/cloud-platform"]
[debug] [2023-11-14T17:54:16.979Z] > authorizing via signed-in user (mohamedsiraj237@gmail.com)
[info] 
     ######## #### ########  ######## ########     ###     ######  ########
     ##        ##  ##     ## ##       ##     ##  ##   ##  ##       ##
     ######    ##  ########  ######   ########  #########  ######  ######
     ##        ##  ##    ##  ##       ##     ## ##     ##       ## ##
     ##       #### ##     ## ######## ########  ##     ##  ######  ########

You're about to initialize a Firebase project in this directory:

  C:\flask_first_program

Before we get started, keep in mind:

  * You are currently outside your home directory

